================================
Datestamp : Sat, 22 Sep 2012 18:43:46 -0400
File : /toolbox/GIT/EveSpeak3/index.php
Line : 64
Error Code : 0
Trace : #0 {main}
Info : 
================================
================================
Datestamp : Sat, 22 Sep 2012 18:48:25 -0400
File : /toolbox/GIT/EveSpeak3/index.php
Line : 64
Error Code : 0
Trace : #0 {main}
Info : 
================================
================================
Datestamp : Sat, 22 Sep 2012 18:48:56 -0400
File : /toolbox/GIT/EveSpeak3/index.php
Line : 64
Error Code : 0
Trace : #0 {main}
Info : 
================================
================================
Datestamp : Sat, 22 Sep 2012 18:48:58 -0400
File : /toolbox/GIT/EveSpeak3/index.php
Line : 64
Error Code : 0
Trace : #0 {main}
Info : 
================================
================================
Datestamp : Sat, 22 Sep 2012 18:48:59 -0400
File : /toolbox/GIT/EveSpeak3/index.php
Line : 64
Error Code : 0
Trace : #0 {main}
Info : 
================================
================================
Datestamp : Sat, 22 Sep 2012 18:48:59 -0400
File : /toolbox/GIT/EveSpeak3/index.php
Line : 64
Error Code : 0
Trace : #0 {main}
Info : 
================================
================================
Datestamp : Sat, 22 Sep 2012 18:48:59 -0400
File : /toolbox/GIT/EveSpeak3/index.php
Line : 64
Error Code : 0
Trace : #0 {main}
Info : 
================================
================================
Datestamp : Sat, 22 Sep 2012 18:48:59 -0400
File : /toolbox/GIT/EveSpeak3/index.php
Line : 64
Error Code : 0
Trace : #0 {main}
Info : 
================================
================================
Datestamp : Sat, 22 Sep 2012 18:48:59 -0400
File : /toolbox/GIT/EveSpeak3/index.php
Line : 64
Error Code : 0
Trace : #0 {main}
Info : 
================================
================================
Datestamp : Sat, 22 Sep 2012 18:48:59 -0400
File : /toolbox/GIT/EveSpeak3/index.php
Line : 64
Error Code : 0
Trace : #0 {main}
Info : 
================================
================================
Datestamp : Sat, 22 Sep 2012 18:48:59 -0400
File : /toolbox/GIT/EveSpeak3/index.php
Line : 64
Error Code : 0
Trace : #0 {main}
Info : 
================================
================================
Datestamp : Sat, 22 Sep 2012 18:49:00 -0400
File : /toolbox/GIT/EveSpeak3/index.php
Line : 64
Error Code : 0
Trace : #0 {main}
Info : 
================================
================================
Datestamp : Sat, 22 Sep 2012 18:49:00 -0400
File : /toolbox/GIT/EveSpeak3/index.php
Line : 64
Error Code : 0
Trace : #0 {main}
Info : 
================================
================================
Datestamp : Sat, 22 Sep 2012 18:49:00 -0400
File : /toolbox/GIT/EveSpeak3/index.php
Line : 64
Error Code : 0
Trace : #0 {main}
Info : 
================================
================================
Datestamp : Sat, 22 Sep 2012 18:49:00 -0400
File : /toolbox/GIT/EveSpeak3/index.php
Line : 64
Error Code : 0
Trace : #0 {main}
Info : 
================================
================================
Datestamp : Sat, 22 Sep 2012 18:49:00 -0400
File : /toolbox/GIT/EveSpeak3/index.php
Line : 64
Error Code : 0
Trace : #0 {main}
Info : 
================================
================================
Datestamp : Sat, 22 Sep 2012 18:49:00 -0400
File : /toolbox/GIT/EveSpeak3/index.php
Line : 64
Error Code : 0
Trace : #0 {main}
Info : 
================================
================================
Datestamp : Sat, 22 Sep 2012 18:49:00 -0400
File : /toolbox/GIT/EveSpeak3/index.php
Line : 64
Error Code : 0
Trace : #0 {main}
Info : 
================================
================================
Datestamp : Sat, 22 Sep 2012 18:49:00 -0400
File : /toolbox/GIT/EveSpeak3/index.php
Line : 64
Error Code : 0
Trace : #0 {main}
Info : 
================================
================================
Datestamp : Sat, 22 Sep 2012 18:49:01 -0400
File : /toolbox/GIT/EveSpeak3/index.php
Line : 64
Error Code : 0
Trace : #0 {main}
Info : 
================================
================================
Datestamp : Sat, 22 Sep 2012 18:49:01 -0400
File : /toolbox/GIT/EveSpeak3/index.php
Line : 64
Error Code : 0
Trace : #0 {main}
Info : 
================================
================================
Datestamp : Sat, 22 Sep 2012 18:49:01 -0400
File : /toolbox/GIT/EveSpeak3/index.php
Line : 64
Error Code : 0
Trace : #0 {main}
Info : 
================================
================================
Datestamp : Sat, 22 Sep 2012 18:49:01 -0400
File : /toolbox/GIT/EveSpeak3/index.php
Line : 64
Error Code : 0
Trace : #0 {main}
Info : 
================================
================================
Datestamp : Sat, 22 Sep 2012 18:49:01 -0400
File : /toolbox/GIT/EveSpeak3/index.php
Line : 64
Error Code : 0
Trace : #0 {main}
Info : 
================================
================================
Datestamp : Sat, 22 Sep 2012 18:50:15 -0400
File : /toolbox/GIT/EveSpeak3/index.php
Line : 64
Error Code : 0
Trace : #0 {main}
Info : 
================================
================================
Datestamp : Sat, 22 Sep 2012 18:50:31 -0400
File : /toolbox/GIT/EveSpeak3/index.php
Line : 64
Error Code : 0
Trace : #0 {main}
Info : 
================================
